This is pdfTeX, Version 3.141592653-2.6-1.40.27 (TeX Live 2026/dev/Arch Linux) (preloaded format=pdflatex 2025.8.25)  29 AUG 2025 15:21
entering extended mode
 restricted \write18 enabled.
 file:line:error style messages enabled.
 %&-line parsing enabled.
**"/home/campinho/Armazem/Faculdade/sexto/Linguagens Formais e Teoria da Computacao/pdf/arquivo.tex"
(/home/campinho/Armazem/Faculdade/sexto/Linguagens Formais e Teoria da Computacao/pdf/arquivo.tex
LaTeX2e <2024-11-01> patch level 2
L3 programming layer <2025-01-18>
(/usr/share/texmf-dist/tex/latex/base/article.cls
Document Class: article 2024/06/29 v1.4n Standard LaTeX document class
(/usr/share/texmf-dist/tex/latex/base/size12.clo
File: size12.clo 2024/06/29 v1.4n Standard LaTeX file (size option)
)
\c@part=\count196
\c@section=\count197
\c@subsection=\count198
\c@subsubsection=\count199
\c@paragraph=\count266
\c@subparagraph=\count267
\c@figure=\count268
\c@table=\count269
\abovecaptionskip=\skip49
\belowcaptionskip=\skip50
\bibindent=\dimen141
) (/usr/share/texmf-dist/tex/latex/base/inputenc.sty
Package: inputenc 2024/02/08 v1.3d Input encoding file
\inpenc@prehook=\toks17
\inpenc@posthook=\toks18
) (/usr/share/texmf-dist/tex/latex/base/fontenc.sty
Package: fontenc 2021/04/29 v2.0v Standard LaTeX package
) (/usr/share/texmf-dist/tex/latex/enumitem/enumitem.sty
Package: enumitem 2025/02/06 v3.11 Customized lists
\enitkv@toks@=\toks19
\labelindent=\skip51
\enit@outerparindent=\dimen142
\enit@toks=\toks20
\enit@inbox=\box52
\enit@count@id=\count270
\enitdp@description=\count271
) (/usr/share/texmf-dist/tex/latex/graphics/graphicx.sty
Package: graphicx 2021/09/16 v1.2d Enhanced LaTeX Graphics (DPC,SPQR)
 (/usr/share/texmf-dist/tex/latex/graphics/keyval.sty
Package: keyval 2022/05/29 v1.15 key=value parser (DPC)
\KV@toks@=\toks21
) (/usr/share/texmf-dist/tex/latex/graphics/graphics.sty
Package: graphics 2024/08/06 v1.4g Standard LaTeX Graphics (DPC,SPQR)
 (/usr/share/texmf-dist/tex/latex/graphics/trig.sty
Package: trig 2023/12/02 v1.11 sin cos tan (DPC)
) (/usr/share/texmf-dist/tex/latex/graphics-cfg/graphics.cfg
File: graphics.cfg 2016/06/04 v1.11 sample graphics configuration
)
Package graphics Info: Driver file: pdftex.def on input line 106.
 (/usr/share/texmf-dist/tex/latex/graphics-def/pdftex.def
File: pdftex.def 2024/04/13 v1.2c Graphics/color driver for pdftex
))
\Gin@req@height=\dimen143
\Gin@req@width=\dimen144
) (/usr/share/texmf-dist/tex/latex/caption/caption.sty
Package: caption 2023/08/05 v3.6o Customizing captions (AR)
 (/usr/share/texmf-dist/tex/latex/caption/caption3.sty
Package: caption3 2023/07/31 v2.4d caption3 kernel (AR)
\caption@tempdima=\dimen145
\captionmargin=\dimen146
\caption@leftmargin=\dimen147
\caption@rightmargin=\dimen148
\caption@width=\dimen149
\caption@indent=\dimen150
\caption@parindent=\dimen151
\caption@hangindent=\dimen152
Package caption Info: Standard document class detected.
)
\c@caption@flags=\count272
\c@continuedfloat=\count273
) (/usr/share/texmf-dist/tex/latex/float/float.sty
Package: float 2001/11/08 v1.3d Float enhancements (AL)
\c@float@type=\count274
\float@exts=\toks22
\float@box=\box53
\@float@everytoks=\toks23
\@floatcapt=\box54
) (/usr/share/texmf-dist/tex/latex/pgf/utilities/pgffor.sty (/usr/share/texmf-dist/tex/latex/pgf/utilities/pgfrcs.sty (/usr/share/texmf-dist/tex/generic/pgf/utilities/pgfutil-common.tex
\pgfutil@everybye=\toks24
\pgfutil@tempdima=\dimen153
\pgfutil@tempdimb=\dimen154
) (/usr/share/texmf-dist/tex/generic/pgf/utilities/pgfutil-latex.def
\pgfutil@abb=\box55
) (/usr/share/texmf-dist/tex/generic/pgf/utilities/pgfrcs.code.tex (/usr/share/texmf-dist/tex/generic/pgf/pgf.revision.tex)
Package: pgfrcs 2023-01-15 v3.1.10 (3.1.10)
)) (/usr/share/texmf-dist/tex/latex/pgf/utilities/pgfkeys.sty (/usr/share/texmf-dist/tex/generic/pgf/utilities/pgfkeys.code.tex
\pgfkeys@pathtoks=\toks25
\pgfkeys@temptoks=\toks26
 (/usr/share/texmf-dist/tex/generic/pgf/utilities/pgfkeyslibraryfiltered.code.tex
\pgfkeys@tmptoks=\toks27
))) (/usr/share/texmf-dist/tex/latex/pgf/math/pgfmath.sty (/usr/share/texmf-dist/tex/generic/pgf/math/pgfmath.code.tex (/usr/share/texmf-dist/tex/generic/pgf/math/pgfmathutil.code.tex
\pgf@x=\dimen155
\pgf@xa=\dimen156
\pgf@xb=\dimen157
\pgf@xc=\dimen158
\pgf@y=\dimen159
\pgf@ya=\dimen160
\pgf@yb=\dimen161
\pgf@yc=\dimen162
\c@pgf@counta=\count275
\c@pgf@countb=\count276
\c@pgf@countc=\count277
\c@pgf@countd=\count278
) (/usr/share/texmf-dist/tex/generic/pgf/math/pgfmathparser.code.tex
\pgfmath@dimen=\dimen163
\pgfmath@count=\count279
\pgfmath@box=\box56
\pgfmath@toks=\toks28
\pgfmath@stack@operand=\toks29
\pgfmath@stack@operation=\toks30
) (/usr/share/texmf-dist/tex/generic/pgf/math/pgfmathfunctions.code.tex) (/usr/share/texmf-dist/tex/generic/pgf/math/pgfmathfunctions.basic.code.tex) (/usr/share/texmf-dist/tex/generic/pgf/math/pgfmathfunctions.trigonometric.code.tex) (/usr/share/texmf-dist/tex/generic/pgf/math/pgfmathfunctions.random.code.tex) (/usr/share/texmf-dist/tex/generic/pgf/math/pgfmathfunctions.comparison.code.tex) (/usr/share/texmf-dist/tex/generic/pgf/math/pgfmathfunctions.base.code.tex) (/usr/share/texmf-dist/tex/generic/pgf/math/pgfmathfunctions.round.code.tex) (/usr/share/texmf-dist/tex/generic/pgf/math/pgfmathfunctions.misc.code.tex) (/usr/share/texmf-dist/tex/generic/pgf/math/pgfmathfunctions.integerarithmetics.code.tex) (/usr/share/texmf-dist/tex/generic/pgf/math/pgfmathcalc.code.tex) (/usr/share/texmf-dist/tex/generic/pgf/math/pgfmathfloat.code.tex
\c@pgfmathroundto@lastzeros=\count280
))) (/usr/share/texmf-dist/tex/generic/pgf/utilities/pgffor.code.tex
Package: pgffor 2023-01-15 v3.1.10 (3.1.10)
\pgffor@iter=\dimen164
\pgffor@skip=\dimen165
\pgffor@stack=\toks31
\pgffor@toks=\toks32
)) (/usr/share/texmf-dist/tex/latex/l3backend/l3backend-pdftex.def
File: l3backend-pdftex.def 2024-05-08 L3 backend support: PDF output (pdfTeX)
\l__color_backend_stack_int=\count281
\l__pdf_internal_box=\box57
) (./arquivo.aux)
\openout1 = `arquivo.aux'.

LaTeX Font Info:    Checking defaults for OML/cmm/m/it on input line 27.
LaTeX Font Info:    ... okay on input line 27.
LaTeX Font Info:    Checking defaults for OMS/cmsy/m/n on input line 27.
LaTeX Font Info:    ... okay on input line 27.
LaTeX Font Info:    Checking defaults for OT1/cmr/m/n on input line 27.
LaTeX Font Info:    ... okay on input line 27.
LaTeX Font Info:    Checking defaults for T1/cmr/m/n on input line 27.
LaTeX Font Info:    ... okay on input line 27.
LaTeX Font Info:    Checking defaults for TS1/cmr/m/n on input line 27.
LaTeX Font Info:    ... okay on input line 27.
LaTeX Font Info:    Checking defaults for OMX/cmex/m/n on input line 27.
LaTeX Font Info:    ... okay on input line 27.
LaTeX Font Info:    Checking defaults for U/cmr/m/n on input line 27.
LaTeX Font Info:    ... okay on input line 27.
 (/usr/share/texmf-dist/tex/context/base/mkii/supp-pdf.mkii
[Loading MPS to PDF converter (version 2006.09.02).]
\scratchcounter=\count282
\scratchdimen=\dimen166
\scratchbox=\box58
\nofMPsegments=\count283
\nofMParguments=\count284
\everyMPshowfont=\toks33
\MPscratchCnt=\count285
\MPscratchDim=\dimen167
\MPnumerator=\count286
\makeMPintoPDFobject=\count287
\everyMPtoPDFconversion=\toks34
) (/usr/share/texmf-dist/tex/latex/epstopdf-pkg/epstopdf-base.sty
Package: epstopdf-base 2020-01-24 v2.11 Base part for package epstopdf
Package epstopdf-base Info: Redefining graphics rule for `.eps' on input line 485.
 (/usr/share/texmf-dist/tex/latex/latexconfig/epstopdf-sys.cfg
File: epstopdf-sys.cfg 2010/07/13 v1.3 Configuration of (r)epstopdf for TeX Live
))
Package caption Info: Begin \AtBeginDocument code.
Package caption Info: float package is loaded.
Package caption Info: End \AtBeginDocument code.
LaTeX Font Info:    External font `cmex10' loaded for size
(Font)              <14.4> on input line 29.
LaTeX Font Info:    External font `cmex10' loaded for size
(Font)              <7> on input line 29.


[1

{/var/lib/texmf/fonts/map/pdftex/updmap/pdftex.map}{/usr/share/texmf-dist/fonts/enc/dvips/cm-super/cm-super-t1.enc}] (./arquivo.toc
LaTeX Font Info:    External font `cmex10' loaded for size
(Font)              <12> on input line 2.
LaTeX Font Info:    External font `cmex10' loaded for size
(Font)              <8> on input line 2.
LaTeX Font Info:    External font `cmex10' loaded for size
(Font)              <6> on input line 2.

Overfull \hbox (25.05281pt too wide) in paragraph at lines 4--4
 [][] []\T1/cmr/m/n/12 Fazer o con-junto de ex-er-cí-cios da seção 3.1 do livro do HOPCROFT, 
 []


Overfull \hbox (11.78241pt too wide) in paragraph at lines 5--5
 [][] []\T1/cmr/m/n/12 Escreva ex-pressões reg-u-lares corresponden-tes às seguintes 
 []


Overfull \hbox (11.78241pt too wide) in paragraph at lines 6--6
 [][] []\T1/cmr/m/n/12 Escreva ex-pressões reg-u-lares corresponden-tes às seguintes 
 []


Overfull \hbox (11.78241pt too wide) in paragraph at lines 7--7
 [][] []\T1/cmr/m/n/12 Escreva ex-pressões reg-u-lares corresponden-tes às seguintes 
 []


Overfull \hbox (18.04753pt too wide) in paragraph at lines 8--8
 [][] []\T1/cmr/m/n/12 Forneça de-scrições em por-tuguês das lin-gua-gens correspon- 
 []

)
\tf@toc=\write3
\openout3 = `arquivo.toc'.



[2]

[3]

[4{/usr/share/texmf-dist/fonts/enc/dvips/cm-super/cm-super-ts1.enc}]

[5]
<Aula03/Daniel/1.png, id=31, 1927.2pt x 1084.05pt>
File: Aula03/Daniel/1.png Graphic file (type png)
<use Aula03/Daniel/1.png>
Package pdftex.def Info: Aula03/Daniel/1.png  used on input line 124.
(pdftex.def)             Requested size: 195.0pt x 109.68503pt.
<Aula03/Daniel/2.png, id=33, 1927.2pt x 1084.05pt>
File: Aula03/Daniel/2.png Graphic file (type png)
<use Aula03/Daniel/2.png>
Package pdftex.def Info: Aula03/Daniel/2.png  used on input line 124.
(pdftex.def)             Requested size: 195.0pt x 109.68503pt.
<Aula03/Daniel/3.png, id=34, 1927.2pt x 1084.05pt>
File: Aula03/Daniel/3.png Graphic file (type png)
<use Aula03/Daniel/3.png>
Package pdftex.def Info: Aula03/Daniel/3.png  used on input line 124.
(pdftex.def)             Requested size: 195.0pt x 109.68503pt.
<Aula03/Daniel/4.png, id=35, 1927.2pt x 1084.05pt>
File: Aula03/Daniel/4.png Graphic file (type png)
<use Aula03/Daniel/4.png>
Package pdftex.def Info: Aula03/Daniel/4.png  used on input line 124.
(pdftex.def)             Requested size: 195.0pt x 109.68503pt.
<Aula03/Daniel/5.png, id=36, 1927.2pt x 1084.05pt>
File: Aula03/Daniel/5.png Graphic file (type png)
<use Aula03/Daniel/5.png>
Package pdftex.def Info: Aula03/Daniel/5.png  used on input line 124.
(pdftex.def)             Requested size: 195.0pt x 109.68503pt.


[6 <./Aula03/Daniel/1.png> <./Aula03/Daniel/2.png> <./Aula03/Daniel/3.png>]
<Aula03/Daniel/6.png, id=43, 1927.2pt x 1084.05pt>
File: Aula03/Daniel/6.png Graphic file (type png)
<use Aula03/Daniel/6.png>
Package pdftex.def Info: Aula03/Daniel/6.png  used on input line 124.
(pdftex.def)             Requested size: 195.0pt x 109.68503pt.
<Aula03/Daniel/7.png, id=44, 1927.2pt x 1084.05pt>
File: Aula03/Daniel/7.png Graphic file (type png)
<use Aula03/Daniel/7.png>
Package pdftex.def Info: Aula03/Daniel/7.png  used on input line 124.
(pdftex.def)             Requested size: 195.0pt x 109.68503pt.
<Aula03/Daniel/8.png, id=45, 1927.2pt x 1084.05pt>
File: Aula03/Daniel/8.png Graphic file (type png)
<use Aula03/Daniel/8.png>
Package pdftex.def Info: Aula03/Daniel/8.png  used on input line 124.
(pdftex.def)             Requested size: 195.0pt x 109.68503pt.


[7 <./Aula03/Daniel/4.png> <./Aula03/Daniel/5.png> <./Aula03/Daniel/6.png>]
<Aula03/Daniel/9.png, id=53, 1927.2pt x 1084.05pt>
File: Aula03/Daniel/9.png Graphic file (type png)
<use Aula03/Daniel/9.png>
Package pdftex.def Info: Aula03/Daniel/9.png  used on input line 124.
(pdftex.def)             Requested size: 195.0pt x 109.68503pt.
<Aula03/Daniel/10.png, id=54, 1927.2pt x 1084.05pt>
File: Aula03/Daniel/10.png Graphic file (type png)
<use Aula03/Daniel/10.png>
Package pdftex.def Info: Aula03/Daniel/10.png  used on input line 124.
(pdftex.def)             Requested size: 195.0pt x 109.68503pt.
<Aula03/Daniel/11.png, id=55, 1927.2pt x 1084.05pt>
File: Aula03/Daniel/11.png Graphic file (type png)
<use Aula03/Daniel/11.png>
Package pdftex.def Info: Aula03/Daniel/11.png  used on input line 124.
(pdftex.def)             Requested size: 195.0pt x 109.68503pt.


[8 <./Aula03/Daniel/7.png> <./Aula03/Daniel/8.png> <./Aula03/Daniel/9.png>]
<Aula03/Daniel/15.png, id=62, 1927.2pt x 1084.05pt>
File: Aula03/Daniel/15.png Graphic file (type png)
<use Aula03/Daniel/15.png>
Package pdftex.def Info: Aula03/Daniel/15.png  used on input line 131.
(pdftex.def)             Requested size: 195.0pt x 109.68503pt.
<Aula03/Daniel/16.png, id=63, 1927.2pt x 1084.05pt>
File: Aula03/Daniel/16.png Graphic file (type png)
<use Aula03/Daniel/16.png>
Package pdftex.def Info: Aula03/Daniel/16.png  used on input line 131.
(pdftex.def)             Requested size: 195.0pt x 109.68503pt.
<Aula03/Daniel/17.png, id=64, 1927.2pt x 1084.05pt>
File: Aula03/Daniel/17.png Graphic file (type png)
<use Aula03/Daniel/17.png>
Package pdftex.def Info: Aula03/Daniel/17.png  used on input line 131.
(pdftex.def)             Requested size: 195.0pt x 109.68503pt.


[9 <./Aula03/Daniel/10.png> <./Aula03/Daniel/11.png> <./Aula03/Daniel/15.png>]
<Aula03/Daniel/18.png, id=71, 1927.2pt x 1084.05pt>
File: Aula03/Daniel/18.png Graphic file (type png)
<use Aula03/Daniel/18.png>
Package pdftex.def Info: Aula03/Daniel/18.png  used on input line 131.
(pdftex.def)             Requested size: 195.0pt x 109.68503pt.
<Aula03/Daniel/19.png, id=72, 1927.2pt x 1084.05pt>
File: Aula03/Daniel/19.png Graphic file (type png)
<use Aula03/Daniel/19.png>
Package pdftex.def Info: Aula03/Daniel/19.png  used on input line 131.
(pdftex.def)             Requested size: 195.0pt x 109.68503pt.
<Aula03/Abigail/20.png, id=73, 1445.4pt x 813.0375pt>
File: Aula03/Abigail/20.png Graphic file (type png)
<use Aula03/Abigail/20.png>
Package pdftex.def Info: Aula03/Abigail/20.png  used on input line 138.
(pdftex.def)             Requested size: 195.0pt x 109.6809pt.


[10 <./Aula03/Daniel/16.png> <./Aula03/Daniel/17.png> <./Aula03/Daniel/18.png>]
<Aula03/Abigail/21.png, id=80, 1445.4pt x 813.0375pt>
File: Aula03/Abigail/21.png Graphic file (type png)
<use Aula03/Abigail/21.png>
Package pdftex.def Info: Aula03/Abigail/21.png  used on input line 138.
(pdftex.def)             Requested size: 195.0pt x 109.6809pt.
<Aula03/Abigail/22.png, id=81, 1445.4pt x 813.0375pt>
File: Aula03/Abigail/22.png Graphic file (type png)
<use Aula03/Abigail/22.png>
Package pdftex.def Info: Aula03/Abigail/22.png  used on input line 138.
(pdftex.def)             Requested size: 195.0pt x 109.6809pt.
<Aula03/Abigail/23.png, id=82, 1445.4pt x 813.0375pt>
File: Aula03/Abigail/23.png Graphic file (type png)
<use Aula03/Abigail/23.png>
Package pdftex.def Info: Aula03/Abigail/23.png  used on input line 138.
(pdftex.def)             Requested size: 195.0pt x 109.6809pt.


[11 <./Aula03/Daniel/19.png> <./Aula03/Abigail/20.png> <./Aula03/Abigail/21.png>]
<Aula03/Abigail/24.png, id=89, 1445.4pt x 813.0375pt>
File: Aula03/Abigail/24.png Graphic file (type png)
<use Aula03/Abigail/24.png>
Package pdftex.def Info: Aula03/Abigail/24.png  used on input line 138.
(pdftex.def)             Requested size: 195.0pt x 109.6809pt.
<Aula03/Abigail/25.png, id=90, 1445.4pt x 813.0375pt>
File: Aula03/Abigail/25.png Graphic file (type png)
<use Aula03/Abigail/25.png>
Package pdftex.def Info: Aula03/Abigail/25.png  used on input line 138.
(pdftex.def)             Requested size: 195.0pt x 109.6809pt.
<Aula03/Abigail/26.png, id=91, 1445.4pt x 813.0375pt>
File: Aula03/Abigail/26.png Graphic file (type png)
<use Aula03/Abigail/26.png>
Package pdftex.def Info: Aula03/Abigail/26.png  used on input line 138.
(pdftex.def)             Requested size: 195.0pt x 109.6809pt.


[12 <./Aula03/Abigail/22.png> <./Aula03/Abigail/23.png> <./Aula03/Abigail/24.png>]
<Aula03/Abigail/27.png, id=98, 1445.4pt x 813.0375pt>
File: Aula03/Abigail/27.png Graphic file (type png)
<use Aula03/Abigail/27.png>
Package pdftex.def Info: Aula03/Abigail/27.png  used on input line 138.
(pdftex.def)             Requested size: 195.0pt x 109.6809pt.
<Aula03/Abigail/28.png, id=99, 1445.4pt x 813.0375pt>
File: Aula03/Abigail/28.png Graphic file (type png)
<use Aula03/Abigail/28.png>
Package pdftex.def Info: Aula03/Abigail/28.png  used on input line 138.
(pdftex.def)             Requested size: 195.0pt x 109.6809pt.
<Aula03/Abigail/29.png, id=100, 1445.4pt x 813.0375pt>
File: Aula03/Abigail/29.png Graphic file (type png)
<use Aula03/Abigail/29.png>
Package pdftex.def Info: Aula03/Abigail/29.png  used on input line 138.
(pdftex.def)             Requested size: 195.0pt x 109.6809pt.


[13 <./Aula03/Abigail/25.png> <./Aula03/Abigail/26.png> <./Aula03/Abigail/27.png>]

[14 <./Aula03/Abigail/28.png> <./Aula03/Abigail/29.png>]
<Aula04/1.png, id=113, 460.72125pt x 178.6675pt>
File: Aula04/1.png Graphic file (type png)
<use Aula04/1.png>
Package pdftex.def Info: Aula04/1.png  used on input line 216.
(pdftex.def)             Requested size: 195.0pt x 75.62051pt.
<Aula04/2.png, id=114, 475.7775pt x 186.6975pt>
File: Aula04/2.png Graphic file (type png)
<use Aula04/2.png>
Package pdftex.def Info: Aula04/2.png  used on input line 216.
(pdftex.def)             Requested size: 195.0pt x 76.51797pt.
<Aula04/3.png, id=115, 362.35374pt x 127.47626pt>
File: Aula04/3.png Graphic file (type png)
<use Aula04/3.png>
Package pdftex.def Info: Aula04/3.png  used on input line 216.
(pdftex.def)             Requested size: 195.0pt x 68.60272pt.


[15 <./Aula04/1.png (PNG copy)>]
<Aula04/4.png, id=119, 478.78876pt x 195.73125pt>
File: Aula04/4.png Graphic file (type png)
<use Aula04/4.png>
Package pdftex.def Info: Aula04/4.png  used on input line 216.
(pdftex.def)             Requested size: 195.0pt x 79.71571pt.
<Aula04/5.png, id=120, 520.94624pt x 217.81375pt>
File: Aula04/5.png Graphic file (type png)
<use Aula04/5.png>
Package pdftex.def Info: Aula04/5.png  used on input line 216.
(pdftex.def)             Requested size: 195.0pt x 81.53038pt.
<Aula04/6.png, id=121, 415.5525pt x 120.45pt>
File: Aula04/6.png Graphic file (type png)
<use Aula04/6.png>
Package pdftex.def Info: Aula04/6.png  used on input line 216.
(pdftex.def)             Requested size: 195.0pt x 56.52144pt.
<Aula04/7.png, id=122, 425.59pt x 124.465pt>
File: Aula04/7.png Graphic file (type png)
<use Aula04/7.png>
Package pdftex.def Info: Aula04/7.png  used on input line 216.
(pdftex.def)             Requested size: 195.0pt x 57.02858pt.
<Aula04/8.png, id=123, 520.94624pt x 135.50626pt>
File: Aula04/8.png Graphic file (type png)
<use Aula04/8.png>
Package pdftex.def Info: Aula04/8.png  used on input line 216.
(pdftex.def)             Requested size: 195.0pt x 50.72166pt.


[16 <./Aula04/2.png (PNG copy)> <./Aula04/3.png (PNG copy)> <./Aula04/4.png (PNG copy)> <./Aula04/5.png (PNG copy)> <./Aula04/6.png (PNG copy)>]
<Aula04/9.png, id=127, 198.7425pt x 126.4725pt>
File: Aula04/9.png Graphic file (type png)
<use Aula04/9.png>
Package pdftex.def Info: Aula04/9.png  used on input line 216.
(pdftex.def)             Requested size: 195.0pt x 124.09465pt.
<Aula04/10.png, id=128, 347.2975pt x 90.3375pt>
File: Aula04/10.png Graphic file (type png)
<use Aula04/10.png>
Package pdftex.def Info: Aula04/10.png  used on input line 216.
(pdftex.def)             Requested size: 195.0pt x 50.72372pt.
<Aula04/11.png, id=129, 451.6875pt x 151.56625pt>
File: Aula04/11.png Graphic file (type png)
<use Aula04/11.png>
Package pdftex.def Info: Aula04/11.png  used on input line 216.
(pdftex.def)             Requested size: 195.0pt x 65.43355pt.
<Aula04/12.png, id=130, 178.6675pt x 120.45pt>
File: Aula04/12.png Graphic file (type png)
<use Aula04/12.png>
Package pdftex.def Info: Aula04/12.png  used on input line 216.
(pdftex.def)             Requested size: 195.0pt x 131.46799pt.
<Aula04/13.png, id=131, 244.915pt x 102.3825pt>
File: Aula04/13.png Graphic file (type png)
<use Aula04/13.png>
Package pdftex.def Info: Aula04/13.png  used on input line 216.
(pdftex.def)             Requested size: 195.0pt x 81.51868pt.


[17 <./Aula04/7.png (PNG copy)> <./Aula04/8.png (PNG copy)> <./Aula04/9.png (PNG copy)> <./Aula04/10.png (PNG copy)> <./Aula04/11.png (PNG copy)>]
<Aula04/14.png, id=135, 455.7025pt x 293.095pt>
File: Aula04/14.png Graphic file (type png)
<use Aula04/14.png>
Package pdftex.def Info: Aula04/14.png  used on input line 216.
(pdftex.def)             Requested size: 195.0pt x 125.42015pt.
<Aula04/15.png, id=136, 542.025pt x 265.99374pt>
File: Aula04/15.png Graphic file (type png)
<use Aula04/15.png>
Package pdftex.def Info: Aula04/15.png  used on input line 216.
(pdftex.def)             Requested size: 195.0pt x 95.69273pt.
<Aula04/16.png, id=137, 464.73625pt x 271.0125pt>
File: Aula04/16.png Graphic file (type png)
<use Aula04/16.png>
Package pdftex.def Info: Aula04/16.png  used on input line 216.
(pdftex.def)             Requested size: 195.0pt x 113.71281pt.


[18 <./Aula04/12.png (PNG copy)> <./Aula04/13.png (PNG copy)> <./Aula04/14.png (PNG copy)>]
<Aula04/17.png, id=141, 588.1975pt x 457.71pt>
File: Aula04/17.png Graphic file (type png)
<use Aula04/17.png>
Package pdftex.def Info: Aula04/17.png  used on input line 216.
(pdftex.def)             Requested size: 195.0pt x 151.73619pt.
<Aula04/18.png, id=142, 855.195pt x 370.38374pt>
File: Aula04/18.png Graphic file (type png)
<use Aula04/18.png>
Package pdftex.def Info: Aula04/18.png  used on input line 216.
(pdftex.def)             Requested size: 195.0pt x 84.45175pt.


[19 <./Aula04/15.png (PNG copy)> <./Aula04/16.png (PNG copy)> <./Aula04/17.png (PNG copy)>]

[20 <./Aula04/18.png (PNG copy)>] (./arquivo.aux)
 ***********
LaTeX2e <2024-11-01> patch level 2
L3 programming layer <2025-01-18>
 ***********
 ) 
Here is how much of TeX's memory you used:
 8834 strings out of 475171
 171817 string characters out of 5767095
 519761 words of memory out of 5000000
 31752 multiletter control sequences out of 15000+600000
 570076 words of font info for 62 fonts, out of 8000000 for 9000
 14 hyphenation exceptions out of 8191
 57i,6n,65p,448b,347s stack positions out of 10000i,1000n,20000p,200000b,200000s
</usr/share/texmf-dist/fonts/type1/public/amsfonts/cm/cmbx12.pfb></usr/share/texmf-dist/fonts/type1/public/amsfonts/cm/cmex10.pfb></usr/share/texmf-dist/fonts/type1/public/amsfonts/cm/cmmi12.pfb></usr/share/texmf-dist/fonts/type1/public/amsfonts/cm/cmr12.pfb></usr/share/texmf-dist/fonts/type1/public/amsfonts/cm/cmsy10.pfb></usr/share/texmf-dist/fonts/type1/public/amsfonts/cm/cmsy8.pfb></usr/share/texmf-dist/fonts/type1/public/cm-super/sfbx1200.pfb></usr/share/texmf-dist/fonts/type1/public/cm-super/sfbx1440.pfb></usr/share/texmf-dist/fonts/type1/public/cm-super/sfbx1728.pfb></usr/share/texmf-dist/fonts/type1/public/cm-super/sfrm1200.pfb></usr/share/texmf-dist/fonts/type1/public/cm-super/sfrm1440.pfb></usr/share/texmf-dist/fonts/type1/public/cm-super/sfrm2074.pfb>
Output written on arquivo.pdf (20 pages, 2637418 bytes).
PDF statistics:
 205 PDF objects out of 1000 (max. 8388607)
 87 compressed objects within 1 object stream
 0 named destinations out of 1000 (max. 500000)
 221 words of extra memory for PDF output out of 10000 (max. 10000000)

